<?xml version="1.0" encoding="UTF-8"?>
<testsuite xmlns:xsi="http://www.w3.org/2001/XMLSchema-instance" xsi:noNamespaceSchemaLocation="https://maven.apache.org/surefire/maven-surefire-plugin/xsd/surefire-test-report.xsd" name="mc.stoneskin.MCPI_Plugin.AppTest" time="0.402" tests="1" errors="0" skipped="0" failures="0">
  <properties>
    <property name="sun.desktop" value="windows"/>
    <property name="awt.toolkit" value="sun.awt.windows.WToolkit"/>
    <property name="file.encoding.pkg" value="sun.io"/>
    <property name="java.specification.version" value="1.8"/>
    <property name="sun.cpu.isalist" value="amd64"/>
    <property name="sun.jnu.encoding" value="Cp1252"/>
    <property name="java.class.path" value="c:\src\stoneskin\GitHub\minecraft_python_mcpi_plugin\target\test-classes;c:\src\stoneskin\GitHub\minecraft_python_mcpi_plugin\target\classes;C:\Users\wsun\.m2\repository\junit\junit\4.11\junit-4.11.jar;C:\Users\wsun\.m2\repository\org\hamcrest\hamcrest-core\1.3\hamcrest-core-1.3.jar;C:\Users\wsun\.m2\repository\org\spigotmc\spigot-api\1.16.1-R0.1-SNAPSHOT\spigot-api-1.16.1-R0.1-SNAPSHOT.jar;C:\Users\wsun\.m2\repository\commons-lang\commons-lang\2.6\commons-lang-2.6.jar;C:\Users\wsun\.m2\repository\com\google\guava\guava\21.0\guava-21.0.jar;C:\Users\wsun\.m2\repository\com\google\code\gson\gson\2.8.0\gson-2.8.0.jar;C:\Users\wsun\.m2\repository\net\md-5\bungeecord-chat\1.16-R0.2\bungeecord-chat-1.16-R0.2.jar;C:\Users\wsun\.m2\repository\org\yaml\snakeyaml\1.26\snakeyaml-1.26.jar;"/>
    <property name="java.vm.vendor" value="Oracle Corporation"/>
    <property name="sun.arch.data.model" value="64"/>
    <property name="user.variant" value=""/>
    <property name="java.vendor.url" value="http://java.oracle.com/"/>
    <property name="user.timezone" value="America/New_York"/>
    <property name="java.vm.specification.version" value="1.8"/>
    <property name="os.name" value="Windows 10"/>
    <property name="user.country" value="US"/>
    <property name="sun.java.launcher" value="SUN_STANDARD"/>
    <property name="sun.boot.library.path" value="C:\Program Files\Java\java-1.8.0-openjdk-1.8.0.201-2.b09.redhat.windows.x86_64\jre\bin"/>
    <property name="sun.java.command" value="C:\Users\wsun\AppData\Local\Temp\surefire3620273399172667286\surefirebooter654796883516397995.jar C:\Users\wsun\AppData\Local\Temp\surefire3620273399172667286 2020-07-18T22-33-55_834-jvmRun1 surefire7824714359910781852tmp surefire_01063646607466218839tmp"/>
    <property name="surefire.test.class.path" value="c:\src\stoneskin\GitHub\minecraft_python_mcpi_plugin\target\test-classes;c:\src\stoneskin\GitHub\minecraft_python_mcpi_plugin\target\classes;C:\Users\wsun\.m2\repository\junit\junit\4.11\junit-4.11.jar;C:\Users\wsun\.m2\repository\org\hamcrest\hamcrest-core\1.3\hamcrest-core-1.3.jar;C:\Users\wsun\.m2\repository\org\spigotmc\spigot-api\1.16.1-R0.1-SNAPSHOT\spigot-api-1.16.1-R0.1-SNAPSHOT.jar;C:\Users\wsun\.m2\repository\commons-lang\commons-lang\2.6\commons-lang-2.6.jar;C:\Users\wsun\.m2\repository\com\google\guava\guava\21.0\guava-21.0.jar;C:\Users\wsun\.m2\repository\com\google\code\gson\gson\2.8.0\gson-2.8.0.jar;C:\Users\wsun\.m2\repository\net\md-5\bungeecord-chat\1.16-R0.2\bungeecord-chat-1.16-R0.2.jar;C:\Users\wsun\.m2\repository\org\yaml\snakeyaml\1.26\snakeyaml-1.26.jar;"/>
    <property name="sun.cpu.endian" value="little"/>
    <property name="user.home" value="C:\Users\wsun"/>
    <property name="user.language" value="en"/>
    <property name="java.specification.vendor" value="Oracle Corporation"/>
    <property name="java.home" value="C:\Program Files\Java\java-1.8.0-openjdk-1.8.0.201-2.b09.redhat.windows.x86_64\jre"/>
    <property name="basedir" value="c:\src\stoneskin\GitHub\minecraft_python_mcpi_plugin"/>
    <property name="file.separator" value="\"/>
    <property name="line.separator" value="&#10;"/>
    <property name="java.vm.specification.vendor" value="Oracle Corporation"/>
    <property name="java.specification.name" value="Java Platform API Specification"/>
    <property name="java.awt.graphicsenv" value="sun.awt.Win32GraphicsEnvironment"/>
    <property name="surefire.real.class.path" value="C:\Users\wsun\AppData\Local\Temp\surefire3620273399172667286\surefirebooter654796883516397995.jar"/>
    <property name="sun.boot.class.path" value="C:\Program Files\Java\java-1.8.0-openjdk-1.8.0.201-2.b09.redhat.windows.x86_64\jre\lib\resources.jar;C:\Program Files\Java\java-1.8.0-openjdk-1.8.0.201-2.b09.redhat.windows.x86_64\jre\lib\rt.jar;C:\Program Files\Java\java-1.8.0-openjdk-1.8.0.201-2.b09.redhat.windows.x86_64\jre\lib\sunrsasign.jar;C:\Program Files\Java\java-1.8.0-openjdk-1.8.0.201-2.b09.redhat.windows.x86_64\jre\lib\jsse.jar;C:\Program Files\Java\java-1.8.0-openjdk-1.8.0.201-2.b09.redhat.windows.x86_64\jre\lib\jce.jar;C:\Program Files\Java\java-1.8.0-openjdk-1.8.0.201-2.b09.redhat.windows.x86_64\jre\lib\charsets.jar;C:\Program Files\Java\java-1.8.0-openjdk-1.8.0.201-2.b09.redhat.windows.x86_64\jre\lib\jfr.jar;C:\Program Files\Java\java-1.8.0-openjdk-1.8.0.201-2.b09.redhat.windows.x86_64\jre\classes"/>
    <property name="user.script" value=""/>
    <property name="sun.management.compiler" value="HotSpot 64-Bit Tiered Compilers"/>
    <property name="java.runtime.version" value="1.8.0_201-2-redhat-b09"/>
    <property name="user.name" value="wsun"/>
    <property name="path.separator" value=";"/>
    <property name="os.version" value="10.0"/>
    <property name="java.endorsed.dirs" value="C:\Program Files\Java\java-1.8.0-openjdk-1.8.0.201-2.b09.redhat.windows.x86_64\jre\lib\endorsed"/>
    <property name="java.runtime.name" value="OpenJDK Runtime Environment"/>
    <property name="file.encoding" value="Cp1252"/>
    <property name="java.vm.name" value="OpenJDK 64-Bit Server VM"/>
    <property name="localRepository" value="C:\Users\wsun\.m2\repository"/>
    <property name="java.vendor.url.bug" value="http://bugreport.sun.com/bugreport/"/>
    <property name="java.io.tmpdir" value="C:\Users\wsun\AppData\Local\Temp\"/>
    <property name="java.version" value="1.8.0_201-2-redhat"/>
    <property name="user.dir" value="c:\src\stoneskin\GitHub\minecraft_python_mcpi_plugin"/>
    <property name="os.arch" value="amd64"/>
    <property name="java.vm.specification.name" value="Java Virtual Machine Specification"/>
    <property name="java.awt.printerjob" value="sun.awt.windows.WPrinterJob"/>
    <property name="sun.os.patch.level" value=""/>
    <property name="java.library.path" value="C:\Program Files\Java\java-1.8.0-openjdk-1.8.0.201-2.b09.redhat.windows.x86_64\jre\bin;C:\WINDOWS\Sun\Java\bin;C:\WINDOWS\system32;C:\WINDOWS;C:\Python27\;C:\Python27\Scripts;C:\Program Files (x86)\Common Files\Oracle\Java\javapath;C:\Program Files (x86)\RSA SecurID Token Common;C:\Program Files\RSA SecurID Token Common;C:\Program Files (x86)\Intel\iCLS Client\;C:\Program Files\Intel\iCLS Client\;C:\ProgramData\Oracle\Java\javapath;C:\WINDOWS\system32;C:\WINDOWS;C:\WINDOWS\System32\Wbem;C:\WINDOWS\System32\WindowsPowerShell\v1.0\;C:\Program Files (x86)\Microsoft SQL Server\Client SDK\ODBC\130\Tools\Binn\;C:\Program Files (x86)\Microsoft SQL Server\130\Tools\Binn\;C:\Program Files (x86)\Microsoft SQL Server\130\DTS\Binn\;C:\Program Files (x86)\Microsoft SQL Server\130\Tools\Binn\ManagementStudio\;C:\Program Files\Microsoft SQL Server\130\Tools\Binn\;C:\Program Files\Microsoft SQL Server\Client SDK\ODBC\130\Tools\Binn\;C:\Program Files\Microsoft SQL Server\130\DTS\Binn\;C:\Program Files (x86)\Intel\Intel(R) Management Engine Components\DAL;C:\Program Files\Intel\Intel(R) Management Engine Components\DAL;C:\Program Files (x86)\Intel\Intel(R) Management Engine Components\IPT;C:\Program Files\Intel\Intel(R) Management Engine Components\IPT;C:\Program Files\dotnet\;C:\WINDOWS\System32\OpenSSH\;C:\Program Files\SourceGear\Common\DiffMerge\;C:\Program Files (x86)\Microsoft SQL Server\140\Tools\Binn\;C:\Program Files (x86)\Microsoft SQL Server\140\DTS\Binn\;C:\Program Files (x86)\Microsoft SQL Server\140\Tools\Binn\ManagementStudio\;C:\Program Files\Amazon\AWSCLI\bin\;c:\Program Files (x86)\Microsoft SQL Server\100\Tools\Binn\;c:\Program Files\Microsoft SQL Server\100\Tools\Binn\;c:\Program Files\Microsoft SQL Server\100\DTS\Binn\;C:\Program Files\Intel\WiFi\bin\;C:\Program Files\Common Files\Intel\WirelessCommon\;C:\Program Files\Microsoft SQL Server\Client SDK\ODBC\170\Tools\Binn\;C:\Program Files\PuTTY\;C:\ProgramData\chocolatey\bin;C:\nodejs\nvm;C:\nodejs\nvm\v12.18.1;C:\Program Files\Git\cmd;C:\Python\Python38-32\Scripts\;C:\Python\Python38-32\;C:\Users\wsun\AppData\Local\Programs\Python\Python37-32\Scripts\;C:\Users\wsun\AppData\Local\Programs\Python\Python37-32\;C:\Users\wsun\scoop\shims;C:\Users\wsun\AppData\Local\Microsoft\WindowsApps;C:\Users\wsun\AppData\Local\Programs\Microsoft VS Code\bin;C:\Program Files\Intel\WiFi\bin\;C:\Program Files\Common Files\Intel\WirelessCommon\;C:\Users\wsun\AppData\Local\Programs\Fiddler;C:\Users\wsun\.dotnet\tools;C:\Users\wsun\AppData\Local\Microsoft\WindowsApps;C:\nodejs\nvm;C:\nodejs\nvm\v12.18.1;C:\tools\apache-maven-3.6.3\bin\;C:\WINFLEX6\MICROS~1.CRT;C:\WINFLEX6\MICROS~1.MFC;."/>
    <property name="java.vm.info" value="mixed mode"/>
    <property name="java.vendor" value="Oracle Corporation"/>
    <property name="java.vm.version" value="25.201-b09"/>
    <property name="java.ext.dirs" value="C:\Program Files\Java\java-1.8.0-openjdk-1.8.0.201-2.b09.redhat.windows.x86_64\jre\lib\ext;C:\WINDOWS\Sun\Java\lib\ext"/>
    <property name="sun.io.unicode.encoding" value="UnicodeLittle"/>
    <property name="java.class.version" value="52.0"/>
  </properties>
  <testcase name="shouldAnswerWithTrue" classname="mc.stoneskin.MCPI_Plugin.AppTest" time="0.2"/>
</testsuite>